# JRE version: Java(TM) SE Runtime Environment (7.0_51-b13) (build 1.7.0_51-b13)
# Java VM: Java HotSpot(TM) Client VM (24.51-b03 mixed mode windows-x86 )
Heap
 def new generation   total 38720K, used 37333K [0x038f0000, 0x062f0000, 0x08e40000)
  eden space 34432K,  96% used [0x038f0000, 0x0593f508, 0x05a90000)
  from space 4288K,  99% used [0x05a90000, 0x05eb6138, 0x05ec0000)
  to   space 4288K,   0% used [0x05ec0000, 0x05ec0000, 0x062f0000)
 tenured generation   total 85988K, used 46031K [0x08e40000, 0x0e239000, 0x138f0000)
   the space 85988K,  53% used [0x08e40000, 0x0bb33d20, 0x0bb33e00, 0x0e239000)
 compacting perm gen  total 12288K, used 6218K [0x138f0000, 0x144f0000, 0x178f0000)
   the space 12288K,  50% used [0x138f0000, 0x13f02908, 0x13f02a00, 0x144f0000)
GC Heap History (10 events):
Event: 94.790 GC heap before
{Heap before GC invocations=111 (full 9):
 def new generation   total 38720K, used 38632K [0x038f0000, 0x062f0000, 0x08e40000)
  eden space 34432K, 100% used [0x038f0000, 0x05a90000, 0x05a90000)
  from space 4288K,  97% used [0x05ec0000, 0x062da2a0, 0x062f0000)
  to   space 4288K,   0% used [0x05a90000, 0x05a90000, 0x05ec0000)
 tenured generation   total 85988K, used 71298K [0x08e40000, 0x0e239000, 0x138f0000)
   the space 85988K,  82% used [0x08e40000, 0x0d3e0968, 0x0d3e0a00, 0x0e239000)
 compacting perm gen  total 12288K, used 6218K [0x138f0000, 0x144f0000, 0x178f0000)
   the space 12288K,  50% used [0x138f0000, 0x13f028e8, 0x13f02a00, 0x144f0000)
No shared spaces configured.
Event: 94.804 GC heap after
Heap after GC invocations=112 (full 9):
 def new generation   total 38720K, used 4266K [0x038f0000, 0x062f0000, 0x08e40000)
  eden space 34432K,   0% used [0x038f0000, 0x038f0000, 0x05a90000)
  from space 4288K,  99% used [0x05a90000, 0x05ebabf8, 0x05ec0000)
  to   space 4288K,   0% used [0x05ec0000, 0x05ec0000, 0x062f0000)
 tenured generation   total 85988K, used 75498K [0x08e40000, 0x0e239000, 0x138f0000)
   the space 85988K,  87% used [0x08e40000, 0x0d7fa8f0, 0x0d7faa00, 0x0e239000)
 compacting perm gen  total 12288K, used 6218K [0x138f0000, 0x144f0000, 0x178f0000)
   the space 12288K,  50% used [0x138f0000, 0x13f028e8, 0x13f02a00, 0x144f0000)
No shared spaces configured.
}
Event: 98.543 GC heap before
{Heap before GC invocations=112 (full 9):
 def new generation   total 38720K, used 38698K [0x038f0000, 0x062f0000, 0x08e40000)
  eden space 34432K, 100% used [0x038f0000, 0x05a90000, 0x05a90000)
  from space 4288K,  99% used [0x05a90000, 0x05ebabf8, 0x05ec0000)
  to   space 4288K,   0% used [0x05ec0000, 0x05ec0000, 0x062f0000)
 tenured generation   total 85988K, used 75498K [0x08e40000, 0x0e239000, 0x138f0000)
   the space 85988K,  87% used [0x08e40000, 0x0d7fa8f0, 0x0d7faa00, 0x0e239000)
 compacting perm gen  total 12288K, used 6218K [0x138f0000, 0x144f0000, 0x178f0000)
   the space 12288K,  50% used [0x138f0000, 0x13f028f8, 0x13f02a00, 0x144f0000)
No shared spaces configured.
Event: 98.557 GC heap after
Heap after GC invocations=113 (full 9):
 def new generation   total 38720K, used 4211K [0x038f0000, 0x062f0000, 0x08e40000)
  eden space 34432K,   0% used [0x038f0000, 0x038f0000, 0x05a90000)
  from space 4288K,  98% used [0x05ec0000, 0x062dcf30, 0x062f0000)
  to   space 4288K,   0% used [0x05a90000, 0x05a90000, 0x05ec0000)
 tenured generation   total 85988K, used 79764K [0x08e40000, 0x0e239000, 0x138f0000)
   the space 85988K,  92% used [0x08e40000, 0x0dc25158, 0x0dc25200, 0x0e239000)
 compacting perm gen  total 12288K, used 6218K [0x138f0000, 0x144f0000, 0x178f0000)
   the space 12288K,  50% used [0x138f0000, 0x13f028f8, 0x13f02a00, 0x144f0000)
No shared spaces configured.
}
Event: 98.654 GC heap before
{Heap before GC invocations=113 (full 9):
 def new generation   total 38720K, used 38643K [0x038f0000, 0x062f0000, 0x08e40000)
  eden space 34432K, 100% used [0x038f0000, 0x05a90000, 0x05a90000)
  from space 4288K,  98% used [0x05ec0000, 0x062dcf30, 0x062f0000)
  to   space 4288K,   0% used [0x05a90000, 0x05a90000, 0x05ec0000)
 tenured generation   total 85988K, used 79764K [0x08e40000, 0x0e239000, 0x138f0000)
   the space 85988K,  92% used [0x08e40000, 0x0dc25158, 0x0dc25200, 0x0e239000)
 compacting perm gen  total 12288K, used 6218K [0x138f0000, 0x144f0000, 0x178f0000)
   the space 12288K,  50% used [0x138f0000, 0x13f028f8, 0x13f02a00, 0x144f0000)
No shared spaces configured.
Event: 98.669 GC heap after
Heap after GC invocations=114 (full 9):
 def new generation   total 38720K, used 4156K [0x038f0000, 0x062f0000, 0x08e40000)
  eden space 34432K,   0% used [0x038f0000, 0x038f0000, 0x05a90000)
  from space 4288K,  96% used [0x05a90000, 0x05e9f398, 0x05ec0000)
  to   space 4288K,   0% used [0x05ec0000, 0x05ec0000, 0x062f0000)
 tenured generation   total 85988K, used 83975K [0x08e40000, 0x0e239000, 0x138f0000)
   the space 85988K,  97% used [0x08e40000, 0x0e041fa0, 0x0e042000, 0x0e239000)
 compacting perm gen  total 12288K, used 6218K [0x138f0000, 0x144f0000, 0x178f0000)
   the space 12288K,  50% used [0x138f0000, 0x13f028f8, 0x13f02a00, 0x144f0000)
No shared spaces configured.
}
Event: 100.691 GC heap before
{Heap before GC invocations=114 (full 9):
 def new generation   total 38720K, used 38588K [0x038f0000, 0x062f0000, 0x08e40000)
  eden space 34432K, 100% used [0x038f0000, 0x05a90000, 0x05a90000)
  from space 4288K,  96% used [0x05a90000, 0x05e9f398, 0x05ec0000)
  to   space 4288K,   0% used [0x05ec0000, 0x05ec0000, 0x062f0000)
 tenured generation   total 85988K, used 83975K [0x08e40000, 0x0e239000, 0x138f0000)
   the space 85988K,  97% used [0x08e40000, 0x0e041fa0, 0x0e042000, 0x0e239000)
 compacting perm gen  total 12288K, used 6218K [0x138f0000, 0x144f0000, 0x178f0000)
   the space 12288K,  50% used [0x138f0000, 0x13f02908, 0x13f02a00, 0x144f0000)
No shared spaces configured.
Event: 100.822 GC heap after
Heap after GC invocations=115 (full 10):
 def new generation   total 38720K, used 0K [0x038f0000, 0x062f0000, 0x08e40000)
  eden space 34432K,   0% used [0x038f0000, 0x038f0000, 0x05a90000)
  from space 4288K,   0% used [0x05ec0000, 0x05ec0000, 0x062f0000)
  to   space 4288K,   0% used [0x05a90000, 0x05a90000, 0x05ec0000)
 tenured generation   total 85988K, used 46031K [0x08e40000, 0x0e239000, 0x138f0000)
   the space 85988K,  53% used [0x08e40000, 0x0bb33d20, 0x0bb33e00, 0x0e239000)
 compacting perm gen  total 12288K, used 6218K [0x138f0000, 0x144f0000, 0x178f0000)
   the space 12288K,  50% used [0x138f0000, 0x13f02908, 0x13f02a00, 0x144f0000)
No shared spaces configured.
}
Event: 100.941 GC heap before
{Heap before GC invocations=115 (full 10):
 def new generation   total 38720K, used 34432K [0x038f0000, 0x062f0000, 0x08e40000)
  eden space 34432K, 100% used [0x038f0000, 0x05a90000, 0x05a90000)
  from space 4288K,   0% used [0x05ec0000, 0x05ec0000, 0x062f0000)
  to   space 4288K,   0% used [0x05a90000, 0x05a90000, 0x05ec0000)
 tenured generation   total 85988K, used 46031K [0x08e40000, 0x0e239000, 0x138f0000)
   the space 85988K,  53% used [0x08e40000, 0x0bb33d20, 0x0bb33e00, 0x0e239000)
 compacting perm gen  total 12288K, used 6218K [0x138f0000, 0x144f0000, 0x178f0000)
   the space 12288K,  50% used [0x138f0000, 0x13f02908, 0x13f02a00, 0x144f0000)
No shared spaces configured.
Event: 100.948 GC heap after
Heap after GC invocations=116 (full 10):
 def new generation   total 38720K, used 4248K [0x038f0000, 0x062f0000, 0x08e40000)
  eden space 34432K,   0% used [0x038f0000, 0x038f0000, 0x05a90000)
  from space 4288K,  99% used [0x05a90000, 0x05eb6138, 0x05ec0000)
  to   space 4288K,   0% used [0x05ec0000, 0x05ec0000, 0x062f0000)
 tenured generation   total 85988K, used 46031K [0x08e40000, 0x0e239000, 0x138f0000)
   the space 85988K,  53% used [0x08e40000, 0x0bb33d20, 0x0bb33e00, 0x0e239000)
 compacting perm gen  total 12288K, used 6218K [0x138f0000, 0x144f0000, 0x178f0000)
   the space 12288K,  50% used [0x138f0000, 0x13f02908, 0x13f02a00, 0x144f0000)
No shared spaces configured.
}

