# JRE version: Java(TM) SE Runtime Environment (7.0_51-b13) (build 1.7.0_51-b13)
# Java VM: Java HotSpot(TM) Client VM (24.51-b03 mixed mode windows-x86 )
Heap
 def new generation   total 13248K, used 10644K [0x039b0000, 0x04800000, 0x08f00000)
  eden space 11840K,  78% used [0x039b0000, 0x042b50f0, 0x04540000)
  from space 1408K,  99% used [0x046a0000, 0x047ffff0, 0x04800000)
  to   space 1408K,   0% used [0x04540000, 0x04540000, 0x046a0000)
 tenured generation   total 29288K, used 28678K [0x08f00000, 0x0ab9a000, 0x139b0000)
   the space 29288K,  97% used [0x08f00000, 0x0ab01a28, 0x0ab01c00, 0x0ab9a000)
 compacting perm gen  total 12288K, used 6216K [0x139b0000, 0x145b0000, 0x179b0000)
   the space 12288K,  50% used [0x139b0000, 0x13fc2318, 0x13fc2400, 0x145b0000)
GC Heap History (10 events):
Event: 1.546 GC heap before
{Heap before GC invocations=34 (full 2):
 def new generation   total 13248K, used 13247K [0x039b0000, 0x04800000, 0x08f00000)
  eden space 11840K, 100% used [0x039b0000, 0x04540000, 0x04540000)
  from space 1408K,  99% used [0x04540000, 0x0469fff0, 0x046a0000)
  to   space 1408K,   0% used [0x046a0000, 0x046a0000, 0x04800000)
 tenured generation   total 29288K, used 22219K [0x08f00000, 0x0ab9a000, 0x139b0000)
   the space 29288K,  75% used [0x08f00000, 0x0a4b2cf0, 0x0a4b2e00, 0x0ab9a000)
 compacting perm gen  total 12288K, used 6032K [0x139b0000, 0x145b0000, 0x179b0000)
   the space 12288K,  49% used [0x139b0000, 0x13f94280, 0x13f94400, 0x145b0000)
No shared spaces configured.
Event: 1.552 GC heap after
Heap after GC invocations=35 (full 2):
 def new generation   total 13248K, used 1224K [0x039b0000, 0x04800000, 0x08f00000)
  eden space 11840K,   0% used [0x039b0000, 0x039b0000, 0x04540000)
  from space 1408K,  86% used [0x046a0000, 0x047d2178, 0x04800000)
  to   space 1408K,   0% used [0x04540000, 0x04540000, 0x046a0000)
 tenured generation   total 29288K, used 23627K [0x08f00000, 0x0ab9a000, 0x139b0000)
   the space 29288K,  80% used [0x08f00000, 0x0a612c98, 0x0a612e00, 0x0ab9a000)
 compacting perm gen  total 12288K, used 6032K [0x139b0000, 0x145b0000, 0x179b0000)
   the space 12288K,  49% used [0x139b0000, 0x13f94280, 0x13f94400, 0x145b0000)
No shared spaces configured.
}
Event: 1.568 GC heap before
{Heap before GC invocations=35 (full 2):
 def new generation   total 13248K, used 13064K [0x039b0000, 0x04800000, 0x08f00000)
  eden space 11840K, 100% used [0x039b0000, 0x04540000, 0x04540000)
  from space 1408K,  86% used [0x046a0000, 0x047d2178, 0x04800000)
  to   space 1408K,   0% used [0x04540000, 0x04540000, 0x046a0000)
 tenured generation   total 29288K, used 23627K [0x08f00000, 0x0ab9a000, 0x139b0000)
   the space 29288K,  80% used [0x08f00000, 0x0a612c98, 0x0a612e00, 0x0ab9a000)
 compacting perm gen  total 12288K, used 6032K [0x139b0000, 0x145b0000, 0x179b0000)
   the space 12288K,  49% used [0x139b0000, 0x13f94280, 0x13f94400, 0x145b0000)
No shared spaces configured.
Event: 1.574 GC heap after
Heap after GC invocations=36 (full 2):
 def new generation   total 13248K, used 1408K [0x039b0000, 0x04800000, 0x08f00000)
  eden space 11840K,   0% used [0x039b0000, 0x039b0000, 0x04540000)
  from space 1408K, 100% used [0x04540000, 0x046a0000, 0x046a0000)
  to   space 1408K,   0% used [0x046a0000, 0x046a0000, 0x04800000)
 tenured generation   total 29288K, used 24752K [0x08f00000, 0x0ab9a000, 0x139b0000)
   the space 29288K,  84% used [0x08f00000, 0x0a72c350, 0x0a72c400, 0x0ab9a000)
 compacting perm gen  total 12288K, used 6032K [0x139b0000, 0x145b0000, 0x179b0000)
   the space 12288K,  49% used [0x139b0000, 0x13f94280, 0x13f94400, 0x145b0000)
No shared spaces configured.
}
Event: 1.587 GC heap before
{Heap before GC invocations=36 (full 2):
 def new generation   total 13248K, used 13248K [0x039b0000, 0x04800000, 0x08f00000)
  eden space 11840K, 100% used [0x039b0000, 0x04540000, 0x04540000)
  from space 1408K, 100% used [0x04540000, 0x046a0000, 0x046a0000)
  to   space 1408K,   0% used [0x046a0000, 0x046a0000, 0x04800000)
 tenured generation   total 29288K, used 24752K [0x08f00000, 0x0ab9a000, 0x139b0000)
   the space 29288K,  84% used [0x08f00000, 0x0a72c350, 0x0a72c400, 0x0ab9a000)
 compacting perm gen  total 12288K, used 6032K [0x139b0000, 0x145b0000, 0x179b0000)
   the space 12288K,  49% used [0x139b0000, 0x13f94280, 0x13f94400, 0x145b0000)
No shared spaces configured.
Event: 1.593 GC heap after
Heap after GC invocations=37 (full 2):
 def new generation   total 13248K, used 1342K [0x039b0000, 0x04800000, 0x08f00000)
  eden space 11840K,   0% used [0x039b0000, 0x039b0000, 0x04540000)
  from space 1408K,  95% used [0x046a0000, 0x047efa60, 0x04800000)
  to   space 1408K,   0% used [0x04540000, 0x04540000, 0x046a0000)
 tenured generation   total 29288K, used 26150K [0x08f00000, 0x0ab9a000, 0x139b0000)
   the space 29288K,  89% used [0x08f00000, 0x0a889a20, 0x0a889c00, 0x0ab9a000)
 compacting perm gen  total 12288K, used 6032K [0x139b0000, 0x145b0000, 0x179b0000)
   the space 12288K,  49% used [0x139b0000, 0x13f94280, 0x13f94400, 0x145b0000)
No shared spaces configured.
}
Event: 1.608 GC heap before
{Heap before GC invocations=37 (full 2):
 def new generation   total 13248K, used 13182K [0x039b0000, 0x04800000, 0x08f00000)
  eden space 11840K, 100% used [0x039b0000, 0x04540000, 0x04540000)
  from space 1408K,  95% used [0x046a0000, 0x047efa60, 0x04800000)
  to   space 1408K,   0% used [0x04540000, 0x04540000, 0x046a0000)
 tenured generation   total 29288K, used 26150K [0x08f00000, 0x0ab9a000, 0x139b0000)
   the space 29288K,  89% used [0x08f00000, 0x0a889a20, 0x0a889c00, 0x0ab9a000)
 compacting perm gen  total 12288K, used 6032K [0x139b0000, 0x145b0000, 0x179b0000)
   the space 12288K,  49% used [0x139b0000, 0x13f94280, 0x13f94400, 0x145b0000)
No shared spaces configured.
Event: 1.613 GC heap after
Heap after GC invocations=38 (full 2):
 def new generation   total 13248K, used 1213K [0x039b0000, 0x04800000, 0x08f00000)
  eden space 11840K,   0% used [0x039b0000, 0x039b0000, 0x04540000)
  from space 1408K,  86% used [0x04540000, 0x0466f4c8, 0x046a0000)
  to   space 1408K,   0% used [0x046a0000, 0x046a0000, 0x04800000)
 tenured generation   total 29288K, used 27493K [0x08f00000, 0x0ab9a000, 0x139b0000)
   the space 29288K,  93% used [0x08f00000, 0x0a9d9408, 0x0a9d9600, 0x0ab9a000)
 compacting perm gen  total 12288K, used 6032K [0x139b0000, 0x145b0000, 0x179b0000)
   the space 12288K,  49% used [0x139b0000, 0x13f94280, 0x13f94400, 0x145b0000)
No shared spaces configured.
}
Event: 1.631 GC heap before
{Heap before GC invocations=38 (full 2):
 def new generation   total 13248K, used 13053K [0x039b0000, 0x04800000, 0x08f00000)
  eden space 11840K, 100% used [0x039b0000, 0x04540000, 0x04540000)
  from space 1408K,  86% used [0x04540000, 0x0466f4c8, 0x046a0000)
  to   space 1408K,   0% used [0x046a0000, 0x046a0000, 0x04800000)
 tenured generation   total 29288K, used 27493K [0x08f00000, 0x0ab9a000, 0x139b0000)
   the space 29288K,  93% used [0x08f00000, 0x0a9d9408, 0x0a9d9600, 0x0ab9a000)
 compacting perm gen  total 12288K, used 6032K [0x139b0000, 0x145b0000, 0x179b0000)
   the space 12288K,  49% used [0x139b0000, 0x13f94280, 0x13f94400, 0x145b0000)
No shared spaces configured.
Event: 1.636 GC heap after
Heap after GC invocations=39 (full 2):
 def new generation   total 13248K, used 1407K [0x039b0000, 0x04800000, 0x08f00000)
  eden space 11840K,   0% used [0x039b0000, 0x039b0000, 0x04540000)
  from space 1408K,  99% used [0x046a0000, 0x047ffff0, 0x04800000)
  to   space 1408K,   0% used [0x04540000, 0x04540000, 0x046a0000)
 tenured generation   total 29288K, used 28678K [0x08f00000, 0x0ab9a000, 0x139b0000)
   the space 29288K,  97% used [0x08f00000, 0x0ab01a28, 0x0ab01c00, 0x0ab9a000)
 compacting perm gen  total 12288K, used 6032K [0x139b0000, 0x145b0000, 0x179b0000)
   the space 12288K,  49% used [0x139b0000, 0x13f94280, 0x13f94400, 0x145b0000)
No shared spaces configured.
}

