# JRE version: Java(TM) SE Runtime Environment (7.0_51-b13) (build 1.7.0_51-b13)
# Java VM: Java HotSpot(TM) Client VM (24.51-b03 mixed mode windows-x86 )
Heap
 def new generation   total 38016K, used 35974K [0x03960000, 0x062a0000, 0x08eb0000)
  eden space 33792K,  94% used [0x03960000, 0x05868a98, 0x05a60000)
  from space 4224K,  99% used [0x05e80000, 0x06299128, 0x062a0000)
  to   space 4224K,   0% used [0x05a60000, 0x05a60000, 0x05e80000)
 tenured generation   total 84460K, used 46064K [0x08eb0000, 0x0e12b000, 0x13960000)
   the space 84460K,  54% used [0x08eb0000, 0x0bbac310, 0x0bbac400, 0x0e12b000)
 compacting perm gen  total 12288K, used 6221K [0x13960000, 0x14560000, 0x17960000)
   the space 12288K,  50% used [0x13960000, 0x13f73790, 0x13f73800, 0x14560000)
GC Heap History (10 events):
Event: 35.784 GC heap before
{Heap before GC invocations=62 (full 5):
 def new generation   total 38016K, used 37561K [0x03960000, 0x062a0000, 0x08eb0000)
  eden space 33792K, 100% used [0x03960000, 0x05a60000, 0x05a60000)
  from space 4224K,  89% used [0x05a60000, 0x05e0e680, 0x05e80000)
  to   space 4224K,   0% used [0x05e80000, 0x05e80000, 0x062a0000)
 tenured generation   total 84460K, used 69736K [0x08eb0000, 0x0e12b000, 0x13960000)
   the space 84460K,  82% used [0x08eb0000, 0x0d2ca2b8, 0x0d2ca400, 0x0e12b000)
 compacting perm gen  total 12288K, used 6221K [0x13960000, 0x14560000, 0x17960000)
   the space 12288K,  50% used [0x13960000, 0x13f73750, 0x13f73800, 0x14560000)
No shared spaces configured.
Event: 35.797 GC heap after
Heap after GC invocations=63 (full 5):
 def new generation   total 38016K, used 4116K [0x03960000, 0x062a0000, 0x08eb0000)
  eden space 33792K,   0% used [0x03960000, 0x03960000, 0x05a60000)
  from space 4224K,  97% used [0x05e80000, 0x062852d0, 0x062a0000)
  to   space 4224K,   0% used [0x05a60000, 0x05a60000, 0x05e80000)
 tenured generation   total 84460K, used 73506K [0x08eb0000, 0x0e12b000, 0x13960000)
   the space 84460K,  87% used [0x08eb0000, 0x0d678938, 0x0d678a00, 0x0e12b000)
 compacting perm gen  total 12288K, used 6221K [0x13960000, 0x14560000, 0x17960000)
   the space 12288K,  50% used [0x13960000, 0x13f73750, 0x13f73800, 0x14560000)
No shared spaces configured.
}
Event: 42.292 GC heap before
{Heap before GC invocations=63 (full 5):
 def new generation   total 38016K, used 37908K [0x03960000, 0x062a0000, 0x08eb0000)
  eden space 33792K, 100% used [0x03960000, 0x05a60000, 0x05a60000)
  from space 4224K,  97% used [0x05e80000, 0x062852d0, 0x062a0000)
  to   space 4224K,   0% used [0x05a60000, 0x05a60000, 0x05e80000)
 tenured generation   total 84460K, used 73506K [0x08eb0000, 0x0e12b000, 0x13960000)
   the space 84460K,  87% used [0x08eb0000, 0x0d678938, 0x0d678a00, 0x0e12b000)
 compacting perm gen  total 12288K, used 6221K [0x13960000, 0x14560000, 0x17960000)
   the space 12288K,  50% used [0x13960000, 0x13f73780, 0x13f73800, 0x14560000)
No shared spaces configured.
Event: 42.306 GC heap after
Heap after GC invocations=64 (full 5):
 def new generation   total 38016K, used 4090K [0x03960000, 0x062a0000, 0x08eb0000)
  eden space 33792K,   0% used [0x03960000, 0x03960000, 0x05a60000)
  from space 4224K,  96% used [0x05a60000, 0x05e5e920, 0x05e80000)
  to   space 4224K,   0% used [0x05e80000, 0x05e80000, 0x062a0000)
 tenured generation   total 84460K, used 77622K [0x08eb0000, 0x0e12b000, 0x13960000)
   the space 84460K,  91% used [0x08eb0000, 0x0da7d828, 0x0da7da00, 0x0e12b000)
 compacting perm gen  total 12288K, used 6221K [0x13960000, 0x14560000, 0x17960000)
   the space 12288K,  50% used [0x13960000, 0x13f73780, 0x13f73800, 0x14560000)
No shared spaces configured.
}
Event: 42.396 GC heap before
{Heap before GC invocations=64 (full 5):
 def new generation   total 38016K, used 37882K [0x03960000, 0x062a0000, 0x08eb0000)
  eden space 33792K, 100% used [0x03960000, 0x05a60000, 0x05a60000)
  from space 4224K,  96% used [0x05a60000, 0x05e5e920, 0x05e80000)
  to   space 4224K,   0% used [0x05e80000, 0x05e80000, 0x062a0000)
 tenured generation   total 84460K, used 77622K [0x08eb0000, 0x0e12b000, 0x13960000)
   the space 84460K,  91% used [0x08eb0000, 0x0da7d828, 0x0da7da00, 0x0e12b000)
 compacting perm gen  total 12288K, used 6221K [0x13960000, 0x14560000, 0x17960000)
   the space 12288K,  50% used [0x13960000, 0x13f73780, 0x13f73800, 0x14560000)
No shared spaces configured.
Event: 42.410 GC heap after
Heap after GC invocations=65 (full 5):
 def new generation   total 38016K, used 4175K [0x03960000, 0x062a0000, 0x08eb0000)
  eden space 33792K,   0% used [0x03960000, 0x03960000, 0x05a60000)
  from space 4224K,  98% used [0x05e80000, 0x06293dd8, 0x062a0000)
  to   space 4224K,   0% used [0x05a60000, 0x05a60000, 0x05e80000)
 tenured generation   total 84460K, used 81696K [0x08eb0000, 0x0e12b000, 0x13960000)
   the space 84460K,  96% used [0x08eb0000, 0x0de78298, 0x0de78400, 0x0e12b000)
 compacting perm gen  total 12288K, used 6221K [0x13960000, 0x14560000, 0x17960000)
   the space 12288K,  50% used [0x13960000, 0x13f73780, 0x13f73800, 0x14560000)
No shared spaces configured.
}
Event: 45.804 GC heap before
{Heap before GC invocations=65 (full 5):
 def new generation   total 38016K, used 37967K [0x03960000, 0x062a0000, 0x08eb0000)
  eden space 33792K, 100% used [0x03960000, 0x05a60000, 0x05a60000)
  from space 4224K,  98% used [0x05e80000, 0x06293dd8, 0x062a0000)
  to   space 4224K,   0% used [0x05a60000, 0x05a60000, 0x05e80000)
 tenured generation   total 84460K, used 81696K [0x08eb0000, 0x0e12b000, 0x13960000)
   the space 84460K,  96% used [0x08eb0000, 0x0de78298, 0x0de78400, 0x0e12b000)
 compacting perm gen  total 12288K, used 6221K [0x13960000, 0x14560000, 0x17960000)
   the space 12288K,  50% used [0x13960000, 0x13f73790, 0x13f73800, 0x14560000)
No shared spaces configured.
Event: 45.939 GC heap after
Heap after GC invocations=66 (full 6):
 def new generation   total 38016K, used 0K [0x03960000, 0x062a0000, 0x08eb0000)
  eden space 33792K,   0% used [0x03960000, 0x03960000, 0x05a60000)
  from space 4224K,   0% used [0x05a60000, 0x05a60000, 0x05e80000)
  to   space 4224K,   0% used [0x05e80000, 0x05e80000, 0x062a0000)
 tenured generation   total 84460K, used 46064K [0x08eb0000, 0x0e12b000, 0x13960000)
   the space 84460K,  54% used [0x08eb0000, 0x0bbac310, 0x0bbac400, 0x0e12b000)
 compacting perm gen  total 12288K, used 6221K [0x13960000, 0x14560000, 0x17960000)
   the space 12288K,  50% used [0x13960000, 0x13f73790, 0x13f73800, 0x14560000)
No shared spaces configured.
}
Event: 46.045 GC heap before
{Heap before GC invocations=66 (full 6):
 def new generation   total 38016K, used 33792K [0x03960000, 0x062a0000, 0x08eb0000)
  eden space 33792K, 100% used [0x03960000, 0x05a60000, 0x05a60000)
  from space 4224K,   0% used [0x05a60000, 0x05a60000, 0x05e80000)
  to   space 4224K,   0% used [0x05e80000, 0x05e80000, 0x062a0000)
 tenured generation   total 84460K, used 46064K [0x08eb0000, 0x0e12b000, 0x13960000)
   the space 84460K,  54% used [0x08eb0000, 0x0bbac310, 0x0bbac400, 0x0e12b000)
 compacting perm gen  total 12288K, used 6221K [0x13960000, 0x14560000, 0x17960000)
   the space 12288K,  50% used [0x13960000, 0x13f73790, 0x13f73800, 0x14560000)
No shared spaces configured.
Event: 46.052 GC heap after
Heap after GC invocations=67 (full 6):
 def new generation   total 38016K, used 4196K [0x03960000, 0x062a0000, 0x08eb0000)
  eden space 33792K,   0% used [0x03960000, 0x03960000, 0x05a60000)
  from space 4224K,  99% used [0x05e80000, 0x06299128, 0x062a0000)
  to   space 4224K,   0% used [0x05a60000, 0x05a60000, 0x05e80000)
 tenured generation   total 84460K, used 46064K [0x08eb0000, 0x0e12b000, 0x13960000)
   the space 84460K,  54% used [0x08eb0000, 0x0bbac310, 0x0bbac400, 0x0e12b000)
 compacting perm gen  total 12288K, used 6221K [0x13960000, 0x14560000, 0x17960000)
   the space 12288K,  50% used [0x13960000, 0x13f73790, 0x13f73800, 0x14560000)
No shared spaces configured.
}

