# JRE version: Java(TM) SE Runtime Environment (7.0_51-b13) (build 1.7.0_51-b13)
# Java VM: Java HotSpot(TM) Client VM (24.51-b03 mixed mode windows-x86 )
Heap
 def new generation   total 46272K, used 27258K [0x03980000, 0x06bb0000, 0x08ed0000)
  eden space 41152K,  54% used [0x03980000, 0x04f5a0a8, 0x061b0000)
  from space 5120K,  95% used [0x061b0000, 0x06674ae0, 0x066b0000)
  to   space 5120K,   0% used [0x066b0000, 0x066b0000, 0x06bb0000)
 tenured generation   total 102744K, used 60465K [0x08ed0000, 0x0f326000, 0x13980000)
   the space 102744K,  58% used [0x08ed0000, 0x0c9dc7f8, 0x0c9dc800, 0x0f326000)
 compacting perm gen  total 12288K, used 6221K [0x13980000, 0x14580000, 0x17980000)
   the space 12288K,  50% used [0x13980000, 0x13f93668, 0x13f93800, 0x14580000)
GC Heap History (10 events):
Event: 37.797 GC heap before
{Heap before GC invocations=80 (full 6):
 def new generation   total 46272K, used 45750K [0x03980000, 0x06bb0000, 0x08ed0000)
  eden space 41152K, 100% used [0x03980000, 0x061b0000, 0x061b0000)
  from space 5120K,  89% used [0x066b0000, 0x06b2dae8, 0x06bb0000)
  to   space 5120K,   0% used [0x061b0000, 0x061b0000, 0x066b0000)
 tenured generation   total 102744K, used 90005K [0x08ed0000, 0x0f326000, 0x13980000)
   the space 102744K,  87% used [0x08ed0000, 0x0e6b5668, 0x0e6b5800, 0x0f326000)
 compacting perm gen  total 12288K, used 6221K [0x13980000, 0x14580000, 0x17980000)
   the space 12288K,  50% used [0x13980000, 0x13f93658, 0x13f93800, 0x14580000)
No shared spaces configured.
Event: 37.815 GC heap after
Heap after GC invocations=81 (full 6):
 def new generation   total 46272K, used 4423K [0x03980000, 0x06bb0000, 0x08ed0000)
  eden space 41152K,   0% used [0x03980000, 0x03980000, 0x061b0000)
  from space 5120K,  86% used [0x061b0000, 0x06601c58, 0x066b0000)
  to   space 5120K,   0% used [0x066b0000, 0x066b0000, 0x06bb0000)
 tenured generation   total 102744K, used 94604K [0x08ed0000, 0x0f326000, 0x13980000)
   the space 102744K,  92% used [0x08ed0000, 0x0eb33150, 0x0eb33200, 0x0f326000)
 compacting perm gen  total 12288K, used 6221K [0x13980000, 0x14580000, 0x17980000)
   the space 12288K,  50% used [0x13980000, 0x13f93658, 0x13f93800, 0x14580000)
No shared spaces configured.
}
Event: 41.090 GC heap before
{Heap before GC invocations=81 (full 6):
 def new generation   total 46272K, used 45575K [0x03980000, 0x06bb0000, 0x08ed0000)
  eden space 41152K, 100% used [0x03980000, 0x061b0000, 0x061b0000)
  from space 5120K,  86% used [0x061b0000, 0x06601c58, 0x066b0000)
  to   space 5120K,   0% used [0x066b0000, 0x066b0000, 0x06bb0000)
 tenured generation   total 102744K, used 94604K [0x08ed0000, 0x0f326000, 0x13980000)
   the space 102744K,  92% used [0x08ed0000, 0x0eb33150, 0x0eb33200, 0x0f326000)
 compacting perm gen  total 12288K, used 6221K [0x13980000, 0x14580000, 0x17980000)
   the space 12288K,  50% used [0x13980000, 0x13f93658, 0x13f93800, 0x14580000)
No shared spaces configured.
Event: 41.102 GC heap after
Heap after GC invocations=82 (full 6):
 def new generation   total 46272K, used 3933K [0x03980000, 0x06bb0000, 0x08ed0000)
  eden space 41152K,   0% used [0x03980000, 0x03980000, 0x061b0000)
  from space 5120K,  76% used [0x066b0000, 0x06a874b8, 0x06bb0000)
  to   space 5120K,   0% used [0x061b0000, 0x061b0000, 0x066b0000)
 tenured generation   total 102744K, used 96660K [0x08ed0000, 0x0f326000, 0x13980000)
   the space 102744K,  94% used [0x08ed0000, 0x0ed353a0, 0x0ed35400, 0x0f326000)
 compacting perm gen  total 12288K, used 6221K [0x13980000, 0x14580000, 0x17980000)
   the space 12288K,  50% used [0x13980000, 0x13f93658, 0x13f93800, 0x14580000)
No shared spaces configured.
}
Event: 41.175 GC heap before
{Heap before GC invocations=82 (full 6):
 def new generation   total 46272K, used 45085K [0x03980000, 0x06bb0000, 0x08ed0000)
  eden space 41152K, 100% used [0x03980000, 0x061b0000, 0x061b0000)
  from space 5120K,  76% used [0x066b0000, 0x06a874b8, 0x06bb0000)
  to   space 5120K,   0% used [0x061b0000, 0x061b0000, 0x066b0000)
 tenured generation   total 102744K, used 96660K [0x08ed0000, 0x0f326000, 0x13980000)
   the space 102744K,  94% used [0x08ed0000, 0x0ed353a0, 0x0ed35400, 0x0f326000)
 compacting perm gen  total 12288K, used 6221K [0x13980000, 0x14580000, 0x17980000)
   the space 12288K,  50% used [0x13980000, 0x13f93658, 0x13f93800, 0x14580000)
No shared spaces configured.
Event: 41.191 GC heap after
Heap after GC invocations=83 (full 6):
 def new generation   total 46272K, used 4568K [0x03980000, 0x06bb0000, 0x08ed0000)
  eden space 41152K,   0% used [0x03980000, 0x03980000, 0x061b0000)
  from space 5120K,  89% used [0x061b0000, 0x06626020, 0x066b0000)
  to   space 5120K,   0% used [0x066b0000, 0x066b0000, 0x06bb0000)
 tenured generation   total 102744K, used 100593K [0x08ed0000, 0x0f326000, 0x13980000)
   the space 102744K,  97% used [0x08ed0000, 0x0f10c7f8, 0x0f10c800, 0x0f326000)
 compacting perm gen  total 12288K, used 6221K [0x13980000, 0x14580000, 0x17980000)
   the space 12288K,  50% used [0x13980000, 0x13f93658, 0x13f93800, 0x14580000)
No shared spaces configured.
}
Event: 44.453 GC heap before
{Heap before GC invocations=83 (full 6):
 def new generation   total 46272K, used 45720K [0x03980000, 0x06bb0000, 0x08ed0000)
  eden space 41152K, 100% used [0x03980000, 0x061b0000, 0x061b0000)
  from space 5120K,  89% used [0x061b0000, 0x06626020, 0x066b0000)
  to   space 5120K,   0% used [0x066b0000, 0x066b0000, 0x06bb0000)
 tenured generation   total 102744K, used 100593K [0x08ed0000, 0x0f326000, 0x13980000)
   the space 102744K,  97% used [0x08ed0000, 0x0f10c7f8, 0x0f10c800, 0x0f326000)
 compacting perm gen  total 12288K, used 6221K [0x13980000, 0x14580000, 0x17980000)
   the space 12288K,  50% used [0x13980000, 0x13f93668, 0x13f93800, 0x14580000)
No shared spaces configured.
Event: 44.618 GC heap after
Heap after GC invocations=84 (full 7):
 def new generation   total 46272K, used 0K [0x03980000, 0x06bb0000, 0x08ed0000)
  eden space 41152K,   0% used [0x03980000, 0x03980000, 0x061b0000)
  from space 5120K,   0% used [0x066b0000, 0x066b0000, 0x06bb0000)
  to   space 5120K,   0% used [0x061b0000, 0x061b0000, 0x066b0000)
 tenured generation   total 102744K, used 60465K [0x08ed0000, 0x0f326000, 0x13980000)
   the space 102744K,  58% used [0x08ed0000, 0x0c9dc7f8, 0x0c9dc800, 0x0f326000)
 compacting perm gen  total 12288K, used 6221K [0x13980000, 0x14580000, 0x17980000)
   the space 12288K,  50% used [0x13980000, 0x13f93668, 0x13f93800, 0x14580000)
No shared spaces configured.
}
Event: 44.699 GC heap before
{Heap before GC invocations=84 (full 7):
 def new generation   total 46272K, used 41152K [0x03980000, 0x06bb0000, 0x08ed0000)
  eden space 41152K, 100% used [0x03980000, 0x061b0000, 0x061b0000)
  from space 5120K,   0% used [0x066b0000, 0x066b0000, 0x06bb0000)
  to   space 5120K,   0% used [0x061b0000, 0x061b0000, 0x066b0000)
 tenured generation   total 102744K, used 60465K [0x08ed0000, 0x0f326000, 0x13980000)
   the space 102744K,  58% used [0x08ed0000, 0x0c9dc7f8, 0x0c9dc800, 0x0f326000)
 compacting perm gen  total 12288K, used 6221K [0x13980000, 0x14580000, 0x17980000)
   the space 12288K,  50% used [0x13980000, 0x13f93668, 0x13f93800, 0x14580000)
No shared spaces configured.
Event: 44.708 GC heap after
Heap after GC invocations=85 (full 7):
 def new generation   total 46272K, used 4882K [0x03980000, 0x06bb0000, 0x08ed0000)
  eden space 41152K,   0% used [0x03980000, 0x03980000, 0x061b0000)
  from space 5120K,  95% used [0x061b0000, 0x06674ae0, 0x066b0000)
  to   space 5120K,   0% used [0x066b0000, 0x066b0000, 0x06bb0000)
 tenured generation   total 102744K, used 60465K [0x08ed0000, 0x0f326000, 0x13980000)
   the space 102744K,  58% used [0x08ed0000, 0x0c9dc7f8, 0x0c9dc800, 0x0f326000)
 compacting perm gen  total 12288K, used 6221K [0x13980000, 0x14580000, 0x17980000)
   the space 12288K,  50% used [0x13980000, 0x13f93668, 0x13f93800, 0x14580000)
No shared spaces configured.
}

